build/app/outputs/mapping/release/mapping.txt
# compiler: R8
# compiler_version: 1.5.69
# min_api: 21
# pg_map_id: 2000858
...
com.google.android.gms.internal.maps.zzh -> b.a.a.a.f.i.i:
    void setClickable(boolean) -> b
    boolean zzb(com.google.android.gms.internal.maps.zzh) -> b
    int zzj() -> b
    java.lang.String getId() -> d
com.google.android.gms.internal.maps.zzi -> b.a.a.a.f.i.j:
    com.google.android.gms.internal.maps.zzh zzc(android.os.IBinder) -> a
com.google.android.gms.internal.maps.zzj -> b.a.a.a.f.i.k:
    void setClickable(boolean) -> b
    boolean zzb(com.google.android.gms.internal.maps.zzh) -> b
    int zzj() -> b
    java.lang.String getId() -> d
com.google.android.gms.internal.maps.zzt -> b.a.a.a.f.i.l:
    com.google.android.gms.maps.model.LatLng getPosition() -> F
    void setTitle(java.lang.String) -> b
    int zzj() -> b
    java.lang.String getId() -> d
    void zzg(com.google.android.gms.dynamic.IObjectWrapper) -> d
    boolean zzj(com.google.android.gms.internal.maps.zzt) -> d
    void setSnippet(java.lang.String) -> f
com.google.android.gms.internal.maps.zzu -> b.a.a.a.f.i.m:
    com.google.android.gms.internal.maps.zzt zzg(android.os.IBinder) -> a
com.google.android.gms.internal.maps.zzv -> b.a.a.a.f.i.n:
    com.google.android.gms.maps.model.LatLng getPosition() -> F
    void setTitle(java.lang.String) -> b
    int zzj() -> b
    java.lang.String getId() -> d
    void zzg(com.google.android.gms.dynamic.IObjectWrapper) -> d
    boolean zzj(com.google.android.gms.internal.maps.zzt) -> d
    void setSnippet(java.lang.String) -> f
com.google.android.gms.internal.maps.zzw -> b.a.a.a.f.i.o:
    void setClickable(boolean) -> b
    boolean zzb(com.google.android.gms.internal.maps.zzw) -> b
    int zzj() -> b
    java.lang.String getId() -> d
com.google.android.gms.internal.maps.zzx -> b.a.a.a.f.i.p:
    com.google.android.gms.internal.maps.zzw zzh(android.os.IBinder) -> a
com.google.android.gms.internal.maps.zzy -> b.a.a.a.f.i.q:
    void setClickable(boolean) -> b
    boolean zzb(com.google.android.gms.internal.maps.zzw) -> b
    int zzj() -> b
    java.lang.String getId() -> d
com.google.android.gms.internal.maps.zzz -> b.a.a.a.f.i.r:
    boolean zzb(com.google.android.gms.internal.maps.zzz) -> a
    void setClickable(boolean) -> b
    int zzj() -> b
    java.lang.String getId() -> d
com.google.android.gms.internal.measurement.zza -> b.a.a.a.f.j.a:
    android.os.IBinder zza -> a
    java.lang.String zzb -> b
    android.os.Parcel a_() -> H
    android.os.Parcel zza(int,android.os.Parcel) -> a
    void zzb(int,android.os.Parcel) -> b
com.google.android.gms.internal.measurement.zzaa -> b.a.a.a.f.j.b:
    java.lang.String zzd -> f
    com.google.android.gms.internal.measurement.zzx zzg -> i
    android.os.Bundle zzf -> h
    java.lang.String zzc -> e
    android.content.Context zze -> g
    void zza() -> a
com.google.android.gms.internal.measurement.zzac -> b.a.a.a.f.j.c:
    java.lang.String zzd -> f
    com.google.android.gms.internal.measurement.zzk zze -> g
    com.google.android.gms.internal.measurement.zzx zzf -> h
    java.lang.String zzc -> e
    void zza() -> a
    void zzb() -> b
com.google.android.gms.internal.measurement.zzae -> b.a.a.a.f.j.d:
    android.app.Activity zzc -> e
    java.lang.String zze -> g
    java.lang.String zzd -> f
    com.google.android.gms.internal.measurement.zzx zzf -> h
    void zza() -> a
com.google.android.gms.internal.measurement.zzah -> b.a.a.a.f.j.e:
    com.google.android.gms.internal.measurement.zzx zzd -> f
    java.lang.String zzc -> e
    void zza() -> a
com.google.android.gms.internal.measurement.zzak -> b.a.a.a.f.j.f:
    com.google.android.gms.internal.measurement.zzx zzd -> f
    java.lang.String zzc -> e
    void zza() -> a
com.google.android.gms.internal.measurement.zzal -> b.a.a.a.f.j.g:
    com.google.android.gms.internal.measurement.zzk zzc -> e
    com.google.android.gms.internal.measurement.zzx zzd -> f
    void zza() -> a
    void zzb() -> b